\BOOKMARK [1][-]{section.1}{\376\377\000I\000n\000t\000r\000o\000d\000u\000c\000t\000i\000o\000n}{}% 1
\BOOKMARK [2][-]{subsection.1.1}{\376\377\000P\000r\000o\000b\000l\000e\000m\000\040\000B\000a\000c\000k\000g\000r\000o\000u\000n\000d}{section.1}% 2
\BOOKMARK [2][-]{subsection.1.2}{\376\377\000R\000e\000s\000t\000a\000t\000e\000m\000e\000n\000t\000\040\000o\000f\000\040\000t\000h\000e\000\040\000P\000r\000o\000b\000l\000e\000m}{section.1}% 3
\BOOKMARK [2][-]{subsection.1.3}{\376\377\000R\000e\000l\000a\000t\000e\000d\000\040\000W\000o\000r\000k}{section.1}% 4
\BOOKMARK [2][-]{subsection.1.4}{\376\377\000O\000v\000e\000r\000v\000i\000e\000w\000\040\000o\000f\000\040\000O\000u\000r\000\040\000S\000o\000l\000u\000t\000i\000o\000n}{section.1}% 5
\BOOKMARK [2][-]{subsection.1.5}{\376\377\000O\000u\000r\000\040\000C\000o\000n\000t\000r\000i\000b\000u\000t\000i\000o\000n\000s}{section.1}% 6
\BOOKMARK [1][-]{section.2}{\376\377\000A\000s\000s\000u\000m\000p\000t\000i\000o\000n\000s\000\040\000a\000n\000d\000\040\000J\000u\000s\000t\000i\000f\000i\000c\000a\000t\000i\000o\000n\000s}{}% 7
\BOOKMARK [2][-]{subsection.2.1}{\376\377\000D\000a\000t\000a\000\040\000A\000v\000a\000i\000l\000a\000b\000i\000l\000i\000t\000y\000\040\000A\000s\000s\000u\000m\000p\000t\000i\000o\000n\000s}{section.2}% 8
\BOOKMARK [2][-]{subsection.2.2}{\376\377\000B\000e\000h\000a\000v\000i\000o\000r\000a\000l\000\040\000A\000s\000s\000u\000m\000p\000t\000i\000o\000n\000s}{section.2}% 9
\BOOKMARK [2][-]{subsection.2.3}{\376\377\000M\000o\000d\000e\000l\000i\000n\000g\000\040\000A\000s\000s\000u\000m\000p\000t\000i\000o\000n\000s}{section.2}% 10
\BOOKMARK [2][-]{subsection.2.4}{\376\377\000R\000u\000l\000e\000\040\000A\000s\000s\000u\000m\000p\000t\000i\000o\000n\000s}{section.2}% 11
\BOOKMARK [2][-]{subsection.2.5}{\376\377\000P\000o\000t\000e\000n\000t\000i\000a\000l\000\040\000V\000i\000o\000l\000a\000t\000i\000o\000n\000s\000\040\000a\000n\000d\000\040\000I\000m\000p\000a\000c\000t}{section.2}% 12
\BOOKMARK [1][-]{section.3}{\376\377\000N\000o\000t\000a\000t\000i\000o\000n\000s}{}% 13
\BOOKMARK [1][-]{section.4}{\376\377\000D\000a\000t\000a\000\040\000P\000r\000e\000p\000a\000r\000a\000t\000i\000o\000n\000\040\000a\000n\000d\000\040\000E\000x\000p\000l\000o\000r\000a\000t\000o\000r\000y\000\040\000D\000a\000t\000a\000\040\000A\000n\000a\000l\000y\000s\000i\000s}{}% 14
\BOOKMARK [2][-]{subsection.4.1}{\376\377\000D\000a\000t\000a\000s\000e\000t\000\040\000O\000v\000e\000r\000v\000i\000e\000w}{section.4}% 15
\BOOKMARK [2][-]{subsection.4.2}{\376\377\000C\000l\000e\000a\000n\000i\000n\000g\000\040\000a\000n\000d\000\040\000P\000r\000e\000p\000r\000o\000c\000e\000s\000s\000i\000n\000g}{section.4}% 16
\BOOKMARK [2][-]{subsection.4.3}{\376\377\000J\000u\000d\000g\000e\000s\000\040\000S\000c\000o\000r\000e\000\040\000S\000t\000a\000t\000i\000s\000t\000i\000c\000s}{section.4}% 17
\BOOKMARK [2][-]{subsection.4.4}{\376\377\000C\000o\000n\000t\000e\000s\000t\000a\000n\000t\000\040\000D\000e\000m\000o\000g\000r\000a\000p\000h\000i\000c\000s\000\040\000a\000n\000d\000\040\000E\000x\000t\000e\000r\000n\000a\000l\000\040\000S\000i\000g\000n\000a\000l\000s}{section.4}% 18
\BOOKMARK [2][-]{subsection.4.5}{\376\377\000W\000h\000y\000\040\000W\000e\000\040\000N\000e\000e\000d\000\040\000a\000n\000\040\000I\000n\000v\000e\000r\000s\000e\000\040\000E\000s\000t\000i\000m\000a\000t\000i\000o\000n\000\040\000S\000t\000e\000p}{section.4}% 19
\BOOKMARK [1][-]{section.5}{\376\377\000M\000o\000d\000e\000l\000\040\000C\000o\000n\000s\000t\000r\000u\000c\000t\000i\000o\000n}{}% 20
\BOOKMARK [2][-]{subsection.5.1}{\376\377\000O\000v\000e\000r\000v\000i\000e\000w\000:\000\040\000F\000i\000v\000e\000-\000S\000t\000a\000g\000e\000\040\000M\000o\000d\000e\000l\000i\000n\000g\000\040\000P\000i\000p\000e\000l\000i\000n\000e}{section.5}% 21
\BOOKMARK [2][-]{subsection.5.2}{\376\377\000M\000o\000d\000e\000l\000\040\000B\0001\000:\000\040\000R\000i\000d\000g\000e\000\040\000R\000e\000g\000r\000e\000s\000s\000i\000o\000n\000\040\000f\000o\000r\000\040\000F\000a\000n\000\040\000V\000o\000t\000e\000\040\000E\000s\000t\000i\000m\000a\000t\000i\000o\000n}{section.5}% 22
\BOOKMARK [3][-]{subsubsection.5.2.1}{\376\377\000M\000o\000t\000i\000v\000a\000t\000i\000o\000n}{subsection.5.2}% 23
\BOOKMARK [3][-]{subsubsection.5.2.2}{\376\377\000F\000o\000r\000m\000u\000l\000a\000t\000i\000o\000n}{subsection.5.2}% 24
\BOOKMARK [3][-]{subsubsection.5.2.3}{\376\377\000P\000e\000r\000f\000o\000r\000m\000a\000n\000c\000e}{subsection.5.2}% 25
\BOOKMARK [3][-]{subsubsection.5.2.4}{\376\377\000C\000o\000n\000s\000i\000s\000t\000e\000n\000c\000y}{subsection.5.2}% 26
\BOOKMARK [2][-]{subsection.5.3}{\376\377\000M\000o\000d\000e\000l\000\040\000B\0002\000:\000\040\000R\000a\000n\000d\000o\000m\000\040\000F\000o\000r\000e\000s\000t\000\040\000+\000\040\000S\000H\000A\000P}{section.5}% 27
\BOOKMARK [3][-]{subsubsection.5.3.1}{\376\377\000M\000o\000t\000i\000v\000a\000t\000i\000o\000n}{subsection.5.3}% 28
\BOOKMARK [3][-]{subsubsection.5.3.2}{\376\377\000S\000p\000e\000c\000i\000f\000i\000c\000a\000t\000i\000o\000n}{subsection.5.3}% 29
\BOOKMARK [3][-]{subsubsection.5.3.3}{\376\377\000P\000e\000r\000f\000o\000r\000m\000a\000n\000c\000e}{subsection.5.3}% 30
\BOOKMARK [3][-]{subsubsection.5.3.4}{\376\377\000S\000H\000A\000P\000\040\000i\000n\000t\000e\000r\000p\000r\000e\000t\000a\000b\000i\000l\000i\000t\000y}{subsection.5.3}% 31
\BOOKMARK [2][-]{subsection.5.4}{\376\377\000M\000o\000d\000e\000l\000\040\000C\000:\000\040\000C\000o\000u\000n\000t\000e\000r\000f\000a\000c\000t\000u\000a\000l\000\040\000S\000i\000m\000u\000l\000a\000t\000i\000o\000n}{section.5}% 32
\BOOKMARK [3][-]{subsubsection.5.4.1}{\376\377\000F\000r\000a\000m\000e\000w\000o\000r\000k}{subsection.5.4}% 33
\BOOKMARK [3][-]{subsubsection.5.4.2}{\376\377\000F\000a\000n\000\040\000F\000a\000v\000o\000r\000a\000b\000i\000l\000i\000t\000y\000\040\000I\000n\000d\000e\000x\000\040\000\050\000F\000F\000I\000\051}{subsection.5.4}% 34
\BOOKMARK [2][-]{subsection.5.5}{\376\377\000M\000o\000d\000e\000l\000\040\000D\000:\000\040\000T\000w\000i\000n\000\040\000R\000a\000n\000d\000o\000m\000\040\000F\000o\000r\000e\000s\000t\000s}{section.5}% 35
\BOOKMARK [3][-]{subsubsection.5.5.1}{\376\377\000S\000p\000e\000c\000i\000f\000i\000c\000a\000t\000i\000o\000n}{subsection.5.5}% 36
\BOOKMARK [2][-]{subsection.5.6}{\376\377\000M\000o\000d\000e\000l\000\040\000E\000:\000\040\000A\000d\000a\000p\000t\000i\000v\000e\000\040\000W\000e\000i\000g\000h\000t\000e\000d\000\040\000V\000o\000t\000i\000n\000g\000\040\000S\000y\000s\000t\000e\000m\000\040\000\050\000A\000W\000V\000S\000\051}{section.5}% 37
\BOOKMARK [3][-]{subsubsection.5.6.1}{\376\377\000F\000o\000r\000m\000u\000l\000a\000t\000i\000o\000n}{subsection.5.6}% 38
\BOOKMARK [3][-]{subsubsection.5.6.2}{\376\377\000S\000y\000s\000t\000e\000m\000\040\000p\000e\000r\000f\000o\000r\000m\000a\000n\000c\000e}{subsection.5.6}% 39
\BOOKMARK [2][-]{subsection.5.7}{\376\377\000M\000o\000d\000e\000l\000\040\000C\000o\000m\000p\000l\000e\000x\000i\000t\000y\000\040\000a\000n\000d\000\040\000P\000r\000a\000c\000t\000i\000c\000a\000l\000\040\000C\000o\000n\000s\000i\000d\000e\000r\000a\000t\000i\000o\000n\000s}{section.5}% 40
\BOOKMARK [1][-]{section.6}{\376\377\000M\000o\000d\000e\000l\000\040\000E\000v\000a\000l\000u\000a\000t\000i\000o\000n\000\040\000C\000r\000i\000t\000e\000r\000i\000a}{}% 41
\BOOKMARK [2][-]{subsection.6.1}{\376\377\000R\000e\000g\000r\000e\000s\000s\000i\000o\000n\000\040\000A\000c\000c\000u\000r\000a\000c\000y}{section.6}% 42
\BOOKMARK [2][-]{subsection.6.2}{\376\377\000C\000l\000a\000s\000s\000i\000f\000i\000c\000a\000t\000i\000o\000n\000\040\000a\000n\000d\000\040\000R\000i\000s\000k\000\040\000A\000c\000c\000u\000r\000a\000c\000y}{section.6}% 43
\BOOKMARK [2][-]{subsection.6.3}{\376\377\000R\000u\000l\000e\000\040\000C\000o\000n\000s\000i\000s\000t\000e\000n\000c\000y\000\040\000a\000n\000d\000\040\000F\000e\000a\000s\000i\000b\000i\000l\000i\000t\000y}{section.6}% 44
\BOOKMARK [2][-]{subsection.6.4}{\376\377\000F\000a\000i\000r\000n\000e\000s\000s\000\040\000M\000e\000t\000r\000i\000c\000s}{section.6}% 45
\BOOKMARK [2][-]{subsection.6.5}{\376\377\000S\000t\000a\000b\000i\000l\000i\000t\000y\000\040\000A\000c\000r\000o\000s\000s\000\040\000S\000e\000a\000s\000o\000n\000s}{section.6}% 46
\BOOKMARK [1][-]{section.7}{\376\377\000R\000e\000s\000u\000l\000t\000s\000,\000\040\000D\000i\000s\000c\000u\000s\000s\000i\000o\000n\000,\000\040\000a\000n\000d\000\040\000S\000e\000n\000s\000i\000t\000i\000v\000i\000t\000y\000\040\000A\000n\000a\000l\000y\000s\000i\000s}{}% 47
\BOOKMARK [2][-]{subsection.7.1}{\376\377\000M\000a\000i\000n\000\040\000Q\000u\000a\000n\000t\000i\000t\000a\000t\000i\000v\000e\000\040\000R\000e\000s\000u\000l\000t\000s}{section.7}% 48
\BOOKMARK [3][-]{subsubsection.7.1.1}{\376\377\000Q\000u\000e\000s\000t\000i\000o\000n\000\040\0001\000:\000\040\000F\000a\000n\000\040\000V\000o\000t\000e\000\040\000E\000s\000t\000i\000m\000a\000t\000i\000o\000n}{subsection.7.1}% 49
\BOOKMARK [3][-]{subsubsection.7.1.2}{\376\377\000Q\000u\000e\000s\000t\000i\000o\000n\000\040\0002\000:\000\040\000V\000o\000t\000i\000n\000g\000\040\000M\000e\000t\000h\000o\000d\000\040\000C\000o\000m\000p\000a\000r\000i\000s\000o\000n}{subsection.7.1}% 50
\BOOKMARK [3][-]{subsubsection.7.1.3}{\376\377\000Q\000u\000e\000s\000t\000i\000o\000n\000\040\0003\000:\000\040\000F\000e\000a\000t\000u\000r\000e\000\040\000I\000m\000p\000a\000c\000t\000\040\000A\000n\000a\000l\000y\000s\000i\000s}{subsection.7.1}% 51
\BOOKMARK [3][-]{subsubsection.7.1.4}{\376\377\000Q\000u\000e\000s\000t\000i\000o\000n\000\040\0004\000:\000\040\000P\000r\000o\000p\000o\000s\000e\000d\000\040\000S\000y\000s\000t\000e\000m\000\040\000P\000e\000r\000f\000o\000r\000m\000a\000n\000c\000e}{subsection.7.1}% 52
\BOOKMARK [2][-]{subsection.7.2}{\376\377\000C\000o\000n\000t\000r\000o\000v\000e\000r\000s\000i\000a\000l\000\040\000C\000a\000s\000e\000\040\000S\000t\000u\000d\000i\000e\000s}{section.7}% 53
\BOOKMARK [3][-]{subsubsection.7.2.1}{\376\377\000B\000o\000b\000b\000y\000\040\000B\000o\000n\000e\000s\000\040\000\050\000S\000e\000a\000s\000o\000n\000\040\0002\0007\000\051}{subsection.7.2}% 54
\BOOKMARK [3][-]{subsubsection.7.2.2}{\376\377\000B\000r\000i\000s\000t\000o\000l\000\040\000P\000a\000l\000i\000n\000\040\000\050\000S\000e\000a\000s\000o\000n\000\040\0001\0001\000\051}{subsection.7.2}% 55
\BOOKMARK [3][-]{subsubsection.7.2.3}{\376\377\000J\000e\000r\000r\000y\000\040\000R\000i\000c\000e\000\040\000\050\000S\000e\000a\000s\000o\000n\000\040\0002\000\051}{subsection.7.2}% 56
\BOOKMARK [3][-]{subsubsection.7.2.4}{\376\377\000B\000i\000l\000l\000y\000\040\000R\000a\000y\000\040\000C\000y\000r\000u\000s\000\040\000\050\000S\000e\000a\000s\000o\000n\000\040\0004\000\051}{subsection.7.2}% 57
\BOOKMARK [3][-]{subsubsection.7.2.5}{\376\377\000A\000d\000d\000i\000t\000i\000o\000n\000a\000l\000\040\000c\000a\000s\000e\000s}{subsection.7.2}% 58
\BOOKMARK [2][-]{subsection.7.3}{\376\377\000I\000n\000t\000e\000r\000p\000r\000e\000t\000a\000t\000i\000o\000n\000\040\000a\000n\000d\000\040\000D\000r\000i\000v\000i\000n\000g\000\040\000F\000a\000c\000t\000o\000r\000s}{section.7}% 59
\BOOKMARK [3][-]{subsubsection.7.3.1}{\376\377\000W\000h\000y\000\040\000R\000a\000n\000k\000\040\000S\000u\000m\000\040\000O\000u\000t\000p\000e\000r\000f\000o\000r\000m\000s\000\040\000O\000t\000h\000e\000r\000\040\000R\000u\000l\000e\000s}{subsection.7.3}% 60
\BOOKMARK [3][-]{subsubsection.7.3.2}{\376\377\000T\000e\000m\000p\000o\000r\000a\000l\000\040\000D\000y\000n\000a\000m\000i\000c\000s\000\040\000o\000f\000\040\000F\000a\000n\000\040\000S\000u\000p\000p\000o\000r\000t}{subsection.7.3}% 61
\BOOKMARK [3][-]{subsubsection.7.3.3}{\376\377\000W\000h\000e\000n\000\040\000C\000o\000n\000t\000r\000o\000v\000e\000r\000s\000i\000e\000s\000\040\000A\000r\000i\000s\000e}{subsection.7.3}% 62
\BOOKMARK [2][-]{subsection.7.4}{\376\377\000S\000e\000n\000s\000i\000t\000i\000v\000i\000t\000y\000\040\000A\000n\000a\000l\000y\000s\000i\000s}{section.7}% 63
\BOOKMARK [3][-]{subsubsection.7.4.1}{\376\377\000R\000i\000d\000g\000e\000\040\000r\000e\000g\000u\000l\000a\000r\000i\000z\000a\000t\000i\000o\000n}{subsection.7.4}% 64
\BOOKMARK [3][-]{subsubsection.7.4.2}{\376\377\000R\000a\000n\000d\000o\000m\000\040\000F\000o\000r\000e\000s\000t\000\040\000h\000y\000p\000e\000r\000p\000a\000r\000a\000m\000e\000t\000e\000r\000s}{subsection.7.4}% 65
\BOOKMARK [3][-]{subsubsection.7.4.3}{\376\377\000S\000H\000A\000P\000\040\000b\000a\000c\000k\000g\000r\000o\000u\000n\000d\000\040\000s\000a\000m\000p\000l\000e\000\040\000s\000i\000z\000e}{subsection.7.4}% 66
\BOOKMARK [3][-]{subsubsection.7.4.4}{\376\377\000J\000u\000d\000g\000e\000\040\000S\000a\000v\000e\000\040\000v\000a\000r\000i\000a\000n\000t}{subsection.7.4}% 67
\BOOKMARK [3][-]{subsubsection.7.4.5}{\376\377\000A\000W\000V\000S\000\040\000p\000a\000r\000a\000m\000e\000t\000e\000r\000s}{subsection.7.4}% 68
\BOOKMARK [3][-]{subsubsection.7.4.6}{\376\377\000C\000r\000o\000s\000s\000-\000v\000a\000l\000i\000d\000a\000t\000i\000o\000n\000\040\000s\000t\000a\000b\000i\000l\000i\000t\000y}{subsection.7.4}% 69
\BOOKMARK [2][-]{subsection.7.5}{\376\377\000L\000i\000m\000i\000t\000a\000t\000i\000o\000n\000s\000\040\000a\000n\000d\000\040\000C\000a\000v\000e\000a\000t\000s}{section.7}% 70
\BOOKMARK [1][-]{section.8}{\376\377\000M\000e\000c\000h\000a\000n\000i\000s\000m\000\040\000D\000e\000s\000i\000g\000n\000\040\000/\000\040\000R\000e\000c\000o\000m\000m\000e\000n\000d\000a\000t\000i\000o\000n}{}% 71
\BOOKMARK [2][-]{subsection.8.1}{\376\377\000P\000r\000o\000b\000l\000e\000m\000s\000\040\000w\000i\000t\000h\000\040\000C\000u\000r\000r\000e\000n\000t\000\040\000V\000o\000t\000i\000n\000g\000\040\000R\000u\000l\000e\000s}{section.8}% 72
\BOOKMARK [3][-]{subsubsection.8.1.1}{\376\377\000H\000i\000s\000t\000o\000r\000i\000c\000a\000l\000\040\000r\000u\000l\000e\000\040\000c\000h\000a\000n\000g\000e\000s\000\040\000a\000n\000d\000\040\000m\000o\000t\000i\000v\000a\000t\000i\000o\000n\000s}{subsection.8.1}% 73
\BOOKMARK [3][-]{subsubsection.8.1.2}{\376\377\000S\000y\000s\000t\000e\000m\000a\000t\000i\000c\000\040\000i\000s\000s\000u\000e\000s\000\040\000w\000i\000t\000h\000\040\000f\000i\000x\000e\000d\000-\000w\000e\000i\000g\000h\000t\000\040\000r\000u\000l\000e\000s}{subsection.8.1}% 74
\BOOKMARK [3][-]{subsubsection.8.1.3}{\376\377\000Q\000u\000a\000n\000t\000i\000f\000i\000e\000d\000\040\000p\000r\000o\000b\000l\000e\000m\000s}{subsection.8.1}% 75
\BOOKMARK [2][-]{subsection.8.2}{\376\377\000P\000r\000o\000p\000o\000s\000e\000d\000\040\000A\000l\000t\000e\000r\000n\000a\000t\000i\000v\000e\000:\000\040\000A\000W\000V\000S}{section.8}% 76
\BOOKMARK [3][-]{subsubsection.8.2.1}{\376\377\000D\000e\000s\000i\000g\000n\000\040\000p\000r\000i\000n\000c\000i\000p\000l\000e\000s}{subsection.8.2}% 77
\BOOKMARK [3][-]{subsubsection.8.2.2}{\376\377\000M\000a\000t\000h\000e\000m\000a\000t\000i\000c\000a\000l\000\040\000s\000p\000e\000c\000i\000f\000i\000c\000a\000t\000i\000o\000n}{subsection.8.2}% 78
\BOOKMARK [3][-]{subsubsection.8.2.3}{\376\377\000W\000e\000i\000g\000h\000t\000\040\000e\000v\000o\000l\000u\000t\000i\000o\000n\000\040\000e\000x\000a\000m\000p\000l\000e}{subsection.8.2}% 79
\BOOKMARK [3][-]{subsubsection.8.2.4}{\376\377\000T\000r\000e\000n\000d\000\040\000b\000o\000n\000u\000s}{subsection.8.2}% 80
\BOOKMARK [2][-]{subsection.8.3}{\376\377\000C\000o\000u\000n\000t\000e\000r\000f\000a\000c\000t\000u\000a\000l\000\040\000E\000v\000a\000l\000u\000a\000t\000i\000o\000n\000\040\000o\000f\000\040\000A\000W\000V\000S}{section.8}% 81
\BOOKMARK [2][-]{subsection.8.4}{\376\377\000T\000r\000a\000d\000e\000-\000o\000f\000f\000s\000\040\000a\000n\000d\000\040\000C\000o\000n\000s\000i\000d\000e\000r\000a\000t\000i\000o\000n\000s}{section.8}% 82
\BOOKMARK [2][-]{subsection.8.5}{\376\377\000R\000e\000c\000o\000m\000m\000e\000n\000d\000a\000t\000i\000o\000n\000\040\000S\000u\000m\000m\000a\000r\000y}{section.8}% 83
\BOOKMARK [1][-]{section.9}{\376\377\000C\000o\000n\000c\000l\000u\000s\000i\000o\000n}{}% 84
\BOOKMARK [2][-]{subsection.9.1}{\376\377\000S\000u\000m\000m\000a\000r\000y\000\040\000o\000f\000\040\000F\000i\000n\000d\000i\000n\000g\000s}{section.9}% 85
\BOOKMARK [2][-]{subsection.9.2}{\376\377\000K\000e\000y\000\040\000C\000o\000n\000t\000r\000i\000b\000u\000t\000i\000o\000n\000s}{section.9}% 86
\BOOKMARK [2][-]{subsection.9.3}{\376\377\000B\000r\000o\000a\000d\000e\000r\000\040\000I\000m\000p\000l\000i\000c\000a\000t\000i\000o\000n\000s}{section.9}% 87
\BOOKMARK [2][-]{subsection.9.4}{\376\377\000L\000i\000m\000i\000t\000a\000t\000i\000o\000n\000s}{section.9}% 88
\BOOKMARK [2][-]{subsection.9.5}{\376\377\000F\000u\000t\000u\000r\000e\000\040\000W\000o\000r\000k}{section.9}% 89
\BOOKMARK [2][-]{subsection.9.6}{\376\377\000F\000i\000n\000a\000l\000\040\000R\000e\000m\000a\000r\000k\000s}{section.9}% 90
\BOOKMARK [1][-]{section.10}{\376\377\000S\000t\000r\000e\000n\000g\000t\000h\000s\000\040\000a\000n\000d\000\040\000W\000e\000a\000k\000n\000e\000s\000s\000e\000s}{}% 91
\BOOKMARK [2][-]{subsection.10.1}{\376\377\000S\000t\000r\000e\000n\000g\000t\000h\000s}{section.10}% 92
\BOOKMARK [2][-]{subsection.10.2}{\376\377\000W\000e\000a\000k\000n\000e\000s\000s\000e\000s}{section.10}% 93
\BOOKMARK [1][-]{Item.14}{\376\377\000R\000e\000f\000e\000r\000e\000n\000c\000e\000s}{}% 94
\BOOKMARK [1][-]{section*.1}{\376\377\000A\000p\000p\000e\000n\000d\000i\000c\000e\000s}{}% 95
\BOOKMARK [1][-]{section*.2}{\376\377\000A\000p\000p\000e\000n\000d\000i\000c\000e\000s}{}% 96
\BOOKMARK [1][-]{appendix.1.A}{\376\377\000A\000p\000p\000e\000n\000d\000i\000x\000\040\000M\000o\000d\000e\000l\000\040\000H\000y\000p\000e\000r\000p\000a\000r\000a\000m\000e\000t\000e\000r\000s}{}% 97
\BOOKMARK [1][-]{appendix.1.B}{\376\377\000A\000p\000p\000e\000n\000d\000i\000x\000\040\000S\000u\000p\000p\000l\000e\000m\000e\000n\000t\000a\000r\000y\000\040\000R\000e\000s\000u\000l\000t\000s}{}% 98
\BOOKMARK [1][-]{appendix.1.B}{\376\377\000U\000s\000e\000\040\000o\000f\000\040\000A\000I}{}% 99
