This is pdfTeX, Version 3.141592653-2.6-1.40.27 (TeX Live 2025) (preloaded format=pdflatex 2025.4.24)  31 JAN 2026 23:25
entering extended mode
 restricted \write18 enabled.
 file:line:error style messages enabled.
 %&-line parsing enabled.
**f:/Mathematical_modeling/solution/paper/paper_v1.0/mcmthesis-demo.tex
(f:/Mathematical_modeling/solution/paper/paper_v1.0/mcmthesis-demo.tex
LaTeX2e <2024-11-01> patch level 2
L3 programming layer <2025-03-26>
(c:/texlive/2025/texmf-dist/tex/latex/mcmthesis/mcmthesis.cls
Document Class: mcmthesis 2024/01/22 v6.3.3 The Thesis Template Designed For MCM/ICM
The Thesis Template Designed For MCM/ICM
(c:/texlive/2025/texmf-dist/tex/latex/xkeyval/xkeyval.sty
Package: xkeyval 2022/06/16 v2.9 package option processing (HA)
 (c:/texlive/2025/texmf-dist/tex/generic/xkeyval/xkeyval.tex (c:/texlive/2025/texmf-dist/tex/generic/xkeyval/xkvutils.tex
\XKV@toks=\toks17
\XKV@tempa@toks=\toks18
 (c:/texlive/2025/texmf-dist/tex/generic/xkeyval/keyval.tex))
\XKV@depth=\count197
File: xkeyval.tex 2014/12/03 v2.7a key=value parser (HA)
)) (c:/texlive/2025/texmf-dist/tex/latex/etoolbox/etoolbox.sty
Package: etoolbox 2025/10/02 v2.5m e-TeX tools for LaTeX (JAW)
\etb@tempcnta=\count198
) (c:/texlive/2025/texmf-dist/tex/latex/base/article.cls
Document Class: article 2024/06/29 v1.4n Standard LaTeX document class
(c:/texlive/2025/texmf-dist/tex/latex/base/size12.clo
File: size12.clo 2024/06/29 v1.4n Standard LaTeX file (size option)
)
\c@part=\count199
\c@section=\count266
\c@subsection=\count267
\c@subsubsection=\count268
\c@paragraph=\count269
\c@subparagraph=\count270
\c@figure=\count271
\c@table=\count272
\abovecaptionskip=\skip49
\belowcaptionskip=\skip50
\bibindent=\dimen146
) (c:/texlive/2025/texmf-dist/tex/latex/fancyhdr/fancyhdr.sty
Package: fancyhdr 2025/02/07 v5.2 Extensive control of page headers and footers
\f@nch@headwidth=\skip51
\f@nch@offset@elh=\skip52
\f@nch@offset@erh=\skip53
\f@nch@offset@olh=\skip54
\f@nch@offset@orh=\skip55
\f@nch@offset@elf=\skip56
\f@nch@offset@erf=\skip57
\f@nch@offset@olf=\skip58
\f@nch@offset@orf=\skip59
\f@nch@height=\skip60
\f@nch@footalignment=\skip61
\f@nch@widthL=\skip62
\f@nch@widthC=\skip63
\f@nch@widthR=\skip64
\@temptokenb=\toks19
) (c:/texlive/2025/texmf-dist/tex/latex/fancybox/fancybox.sty
Package: fancybox 2010/05/15 1.4

Style option: `fancybox' v1.4 <2010/05/15> (tvz)
\@fancybox=\box53
\shadowsize=\dimen147
\@Sbox=\box54
\do@VerbBox=\toks20
\the@fancyput=\toks21
\this@fancyput=\toks22
\EndVerbatimTokens=\toks23
\Verbatim@Outfile=\write3
\Verbatim@Infile=\read2
) (c:/texlive/2025/texmf-dist/tex/latex/base/ifthen.sty
Package: ifthen 2024/03/16 v1.1e Standard LaTeX ifthen package (DPC)
) (c:/texlive/2025/texmf-dist/tex/latex/listings/listings.sty
\lst@mode=\count273
\lst@gtempboxa=\box55
\lst@token=\toks24
\lst@length=\count274
\lst@currlwidth=\dimen148
\lst@column=\count275
\lst@pos=\count276
\lst@lostspace=\dimen149
\lst@width=\dimen150
\lst@newlines=\count277
\lst@lineno=\count278
\lst@maxwidth=\dimen151
 (c:/texlive/2025/texmf-dist/tex/latex/listings/lstpatch.sty
File: lstpatch.sty 2024/09/23 1.10c (Carsten Heinz)
) (c:/texlive/2025/texmf-dist/tex/latex/listings/lstmisc.sty
File: lstmisc.sty 2024/09/23 1.10c (Carsten Heinz)
\c@lstnumber=\count279
\lst@skipnumbers=\count280
\lst@framebox=\box56
) (c:/texlive/2025/texmf-dist/tex/latex/listings/listings.cfg
File: listings.cfg 2024/09/23 1.10c listings configuration
))
Package: listings 2024/09/23 1.10c (Carsten Heinz)
 (c:/texlive/2025/texmf-dist/tex/latex/appendix/appendix.sty
Package: appendix 2020/02/08 v1.2c extra appendix facilities
\c@@pps=\count281
\c@@ppsavesec=\count282
\c@@ppsaveapp=\count283
) (c:/texlive/2025/texmf-dist/tex/latex/paralist/paralist.sty
Package: paralist 2017/01/22 v2.7 Extended list environments
\pltopsep=\skip65
\plpartopsep=\skip66
\plitemsep=\skip67
\plparsep=\skip68
\pl@lab=\toks25
) (c:/texlive/2025/texmf-dist/tex/latex/amscls/amsthm.sty
Package: amsthm 2020/05/29 v2.20.6
\thm@style=\toks26
\thm@bodyfont=\toks27
\thm@headfont=\toks28
\thm@notefont=\toks29
\thm@headpunct=\toks30
\thm@preskip=\skip69
\thm@postskip=\skip70
\thm@headsep=\skip71
\dth@everypar=\toks31
) (c:/texlive/2025/texmf-dist/tex/latex/amsfonts/amsfonts.sty
Package: amsfonts 2013/01/14 v3.01 Basic AMSFonts support
\@emptytoks=\toks32
\symAMSa=\mathgroup4
\symAMSb=\mathgroup5
LaTeX Font Info:    Redeclaring math symbol \hbar on input line 98.
LaTeX Font Info:    Overwriting math alphabet `\mathfrak' in version `bold'
(Font)                  U/euf/m/n --> U/euf/b/n on input line 106.
) (c:/texlive/2025/texmf-dist/tex/latex/amsmath/amsmath.sty
Package: amsmath 2025/07/09 v2.17z AMS math features
\@mathmargin=\skip72

For additional information on amsmath, use the `?' option.
(c:/texlive/2025/texmf-dist/tex/latex/amsmath/amstext.sty
Package: amstext 2024/11/17 v2.01 AMS text
 (c:/texlive/2025/texmf-dist/tex/latex/amsmath/amsgen.sty
File: amsgen.sty 1999/11/30 v2.0 generic functions
\@emptytoks=\toks33
\ex@=\dimen152
)) (c:/texlive/2025/texmf-dist/tex/latex/amsmath/amsbsy.sty
Package: amsbsy 1999/11/29 v1.2d Bold Symbols
\pmbraise@=\dimen153
) (c:/texlive/2025/texmf-dist/tex/latex/amsmath/amsopn.sty
Package: amsopn 2022/04/08 v2.04 operator names
)
\inf@bad=\count284
LaTeX Info: Redefining \frac on input line 233.
\uproot@=\count285
\leftroot@=\count286
LaTeX Info: Redefining \overline on input line 398.
LaTeX Info: Redefining \colon on input line 409.
\classnum@=\count287
\DOTSCASE@=\count288
LaTeX Info: Redefining \ldots on input line 495.
LaTeX Info: Redefining \dots on input line 498.
LaTeX Info: Redefining \cdots on input line 619.
\Mathstrutbox@=\box57
\strutbox@=\box58
LaTeX Info: Redefining \big on input line 721.
LaTeX Info: Redefining \Big on input line 722.
LaTeX Info: Redefining \bigg on input line 723.
LaTeX Info: Redefining \Bigg on input line 724.
\big@size=\dimen154
LaTeX Font Info:    Redeclaring font encoding OML on input line 742.
LaTeX Font Info:    Redeclaring font encoding OMS on input line 743.
\macc@depth=\count289
LaTeX Info: Redefining \bmod on input line 904.
LaTeX Info: Redefining \pmod on input line 909.
LaTeX Info: Redefining \smash on input line 939.
LaTeX Info: Redefining \relbar on input line 969.
LaTeX Info: Redefining \Relbar on input line 970.
\c@MaxMatrixCols=\count290
\dotsspace@=\muskip17
\c@parentequation=\count291
\dspbrk@lvl=\count292
\tag@help=\toks34
\row@=\count293
\column@=\count294
\maxfields@=\count295
\andhelp@=\toks35
\eqnshift@=\dimen155
\alignsep@=\dimen156
\tagshift@=\dimen157
\tagwidth@=\dimen158
\totwidth@=\dimen159
\lineht@=\dimen160
\@envbody=\toks36
\multlinegap=\skip73
\multlinetaggap=\skip74
\mathdisplay@stack=\toks37
LaTeX Info: Redefining \[ on input line 2950.
LaTeX Info: Redefining \] on input line 2951.
) (c:/texlive/2025/texmf-dist/tex/latex/tools/bm.sty
Package: bm 2023/12/19 v1.2f Bold Symbol Support (DPC/FMi)
\symboldoperators=\mathgroup6
\symboldletters=\mathgroup7
\symboldsymbols=\mathgroup8
Package bm Info: No bold for \OMX/cmex/m/n, using \pmb.
Package bm Info: No bold for \U/msa/m/n, using \pmb.
Package bm Info: No bold for \U/msb/m/n, using \pmb.
LaTeX Font Info:    Redeclaring math alphabet \mathbf on input line 149.
) (c:/texlive/2025/texmf-dist/tex/latex/amsfonts/amssymb.sty
Package: amssymb 2013/01/14 v3.01 AMS font symbols
) (c:/texlive/2025/texmf-dist/tex/latex/jknapltx/mathrsfs.sty
Package: mathrsfs 1996/01/01 Math RSFS package v1.0 (jk)
\symrsfs=\mathgroup9
) (c:/texlive/2025/texmf-dist/tex/latex/base/latexsym.sty
Package: latexsym 1998/08/17 v2.2e Standard LaTeX package (lasy symbols)
\symlasy=\mathgroup10
LaTeX Font Info:    Overwriting symbol font `lasy' in version `bold'
(Font)                  U/lasy/m/n --> U/lasy/b/n on input line 52.
) (c:/texlive/2025/texmf-dist/tex/latex/tools/longtable.sty
Package: longtable 2024-10-27 v4.22 Multi-page Table package (DPC)
\LTleft=\skip75
\LTright=\skip76
\LTpre=\skip77
\LTpost=\skip78
\LTchunksize=\count296
\LTcapwidth=\dimen161
\LT@head=\box59
\LT@firsthead=\box60
\LT@foot=\box61
\LT@lastfoot=\box62
\LT@gbox=\box63
\LT@cols=\count297
\LT@rows=\count298
\c@LT@tables=\count299
\c@LT@chunks=\count300
\LT@p@ftn=\toks38
) (c:/texlive/2025/texmf-dist/tex/latex/multirow/multirow.sty
Package: multirow 2024/11/12 v2.9 Span multiple rows of a table
\multirow@colwidth=\skip79
\multirow@cntb=\count301
\multirow@dima=\skip80
\bigstrutjot=\dimen162
) (c:/texlive/2025/texmf-dist/tex/latex/tools/hhline.sty
Package: hhline 2020/01/04 v2.04 Table rule package (DPC)
) (c:/texlive/2025/texmf-dist/tex/latex/tools/tabularx.sty
Package: tabularx 2023/12/11 v2.12a `tabularx' package (DPC)
 (c:/texlive/2025/texmf-dist/tex/latex/tools/array.sty
Package: array 2024/10/17 v2.6g Tabular extension package (FMi)
\col@sep=\dimen163
\ar@mcellbox=\box64
\extrarowheight=\dimen164
\NC@list=\toks39
\extratabsurround=\skip81
\backup@length=\skip82
\ar@cellbox=\box65
)
\TX@col@width=\dimen165
\TX@old@table=\dimen166
\TX@old@col=\dimen167
\TX@target=\dimen168
\TX@delta=\dimen169
\TX@cols=\count302
\TX@ftn=\toks40
) (c:/texlive/2025/texmf-dist/tex/latex/base/flafter.sty
Package: flafter 2021/07/31 v1.4e Standard LaTeX floats after reference (FMi)
Applying: [2015/01/01] float order in 2-column on input line 49.
Already applied: [0000/00/00] float order in 2-column on input line 151.
) (c:/texlive/2025/texmf-dist/tex/latex/psnfss/pifont.sty
Package: pifont 2020/03/25 PSNFSS-v9.3 Pi font support (SPQR) 
LaTeX Font Info:    Trying to load font information for U+pzd on input line 63.
 (c:/texlive/2025/texmf-dist/tex/latex/psnfss/upzd.fd
File: upzd.fd 2001/06/04 font definitions for U/pzd.
)
LaTeX Font Info:    Trying to load font information for U+psy on input line 64.
 (c:/texlive/2025/texmf-dist/tex/latex/psnfss/upsy.fd
File: upsy.fd 2001/06/04 font definitions for U/psy.
)) (c:/texlive/2025/texmf-dist/tex/latex/tools/calc.sty
Package: calc 2023/07/08 v4.3 Infix arithmetic (KKT,FJ)
\calc@Acount=\count303
\calc@Bcount=\count304
\calc@Adimen=\dimen170
\calc@Bdimen=\dimen171
\calc@Askip=\skip83
\calc@Bskip=\skip84
LaTeX Info: Redefining \setlength on input line 80.
LaTeX Info: Redefining \addtolength on input line 81.
\calc@Ccount=\count305
\calc@Cskip=\skip85
) (c:/texlive/2025/texmf-dist/tex/latex/colortbl/colortbl.sty
Package: colortbl 2024/10/29 v1.0k Color table columns (DPC)
 (c:/texlive/2025/texmf-dist/tex/latex/graphics/color.sty
Package: color 2025/01/14 v1.3e Standard LaTeX Color (DPC)
 (c:/texlive/2025/texmf-dist/tex/latex/graphics-cfg/color.cfg
File: color.cfg 2016/01/02 v1.6 sample color configuration
)
Package color Info: Driver file: pdftex.def on input line 149.
 (c:/texlive/2025/texmf-dist/tex/latex/graphics-def/pdftex.def
File: pdftex.def 2025/09/29 v1.2d Graphics/color driver for pdftex
) (c:/texlive/2025/texmf-dist/tex/latex/graphics/mathcolor.ltx))
\everycr=\toks41
\minrowclearance=\skip86
\rownum=\count306
) (c:/texlive/2025/texmf-dist/tex/latex/booktabs/booktabs.sty
Package: booktabs 2020/01/12 v1.61803398 Publication quality tables
\heavyrulewidth=\dimen172
\lightrulewidth=\dimen173
\cmidrulewidth=\dimen174
\belowrulesep=\dimen175
\belowbottomsep=\dimen176
\aboverulesep=\dimen177
\abovetopsep=\dimen178
\cmidrulesep=\dimen179
\cmidrulekern=\dimen180
\defaultaddspace=\dimen181
\@cmidla=\count307
\@cmidlb=\count308
\@aboverulesep=\dimen182
\@belowrulesep=\dimen183
\@thisruleclass=\count309
\@lastruleclass=\count310
\@thisrulewidth=\dimen184
) (c:/texlive/2025/texmf-dist/tex/latex/geometry/geometry.sty
Package: geometry 2020/01/02 v5.9 Page Geometry
 (c:/texlive/2025/texmf-dist/tex/generic/iftex/ifvtex.sty
Package: ifvtex 2019/10/25 v1.7 ifvtex legacy package. Use iftex instead.
 (c:/texlive/2025/texmf-dist/tex/generic/iftex/iftex.sty
Package: iftex 2024/12/12 v1.0g TeX engine tests
))
\Gm@cnth=\count311
\Gm@cntv=\count312
\c@Gm@tempcnt=\count313
\Gm@bindingoffset=\dimen185
\Gm@wd@mp=\dimen186
\Gm@odd@mp=\dimen187
\Gm@even@mp=\dimen188
\Gm@layoutwidth=\dimen189
\Gm@layoutheight=\dimen190
\Gm@layouthoffset=\dimen191
\Gm@layoutvoffset=\dimen192
\Gm@dimlist=\toks42
) (c:/texlive/2025/texmf-dist/tex/latex/base/fontenc.sty
Package: fontenc 2021/04/29 v2.0v Standard LaTeX package
) (c:/texlive/2025/texmf-dist/tex/latex/bera/berasans.sty
Package: berasans 2004/01/30 (WaS)
) (c:/texlive/2025/texmf-dist/tex/latex/hyperref/hyperref.sty
Package: hyperref 2026-01-29 v7.01p Hypertext links for LaTeX
 (c:/texlive/2025/texmf-dist/tex/latex/kvsetkeys/kvsetkeys.sty
Package: kvsetkeys 2022-10-05 v1.19 Key value parser (HO)
) (c:/texlive/2025/texmf-dist/tex/generic/kvdefinekeys/kvdefinekeys.sty
Package: kvdefinekeys 2019-12-19 v1.6 Define keys (HO)
) (c:/texlive/2025/texmf-dist/tex/generic/pdfescape/pdfescape.sty
Package: pdfescape 2019/12/09 v1.15 Implements pdfTeX's escape features (HO)
 (c:/texlive/2025/texmf-dist/tex/generic/ltxcmds/ltxcmds.sty
Package: ltxcmds 2023-12-04 v1.26 LaTeX kernel commands for general use (HO)
) (c:/texlive/2025/texmf-dist/tex/generic/pdftexcmds/pdftexcmds.sty
Package: pdftexcmds 2020-06-27 v0.33 Utility functions of pdfTeX for LuaTeX (HO)
 (c:/texlive/2025/texmf-dist/tex/generic/infwarerr/infwarerr.sty
Package: infwarerr 2019/12/03 v1.5 Providing info/warning/error messages (HO)
)
Package pdftexcmds Info: \pdf@primitive is available.
Package pdftexcmds Info: \pdf@ifprimitive is available.
Package pdftexcmds Info: \pdfdraftmode found.
)) (c:/texlive/2025/texmf-dist/tex/latex/hycolor/hycolor.sty
Package: hycolor 2020-01-27 v1.10 Color options for hyperref/bookmark (HO)
) (c:/texlive/2025/texmf-dist/tex/latex/hyperref/nameref.sty
Package: nameref 2026-01-29 v2.58 Cross-referencing by name of section
 (c:/texlive/2025/texmf-dist/tex/latex/refcount/refcount.sty
Package: refcount 2019/12/15 v3.6 Data extraction from label references (HO)
) (c:/texlive/2025/texmf-dist/tex/generic/gettitlestring/gettitlestring.sty
Package: gettitlestring 2019/12/15 v1.6 Cleanup title references (HO)
 (c:/texlive/2025/texmf-dist/tex/latex/kvoptions/kvoptions.sty
Package: kvoptions 2022-06-15 v3.15 Key value format for package options (HO)
))
\c@section@level=\count314
) (c:/texlive/2025/texmf-dist/tex/generic/stringenc/stringenc.sty
Package: stringenc 2019/11/29 v1.12 Convert strings between diff. encodings (HO)
)
\@linkdim=\dimen193
\Hy@linkcounter=\count315
\Hy@pagecounter=\count316
 (c:/texlive/2025/texmf-dist/tex/latex/hyperref/pd1enc.def
File: pd1enc.def 2026-01-29 v7.01p Hyperref: PDFDocEncoding definition (HO)
Now handling font encoding PD1 ...
... no UTF-8 mapping file for font encoding PD1
) (c:/texlive/2025/texmf-dist/tex/generic/intcalc/intcalc.sty
Package: intcalc 2019/12/15 v1.3 Expandable calculations with integers (HO)
)
\Hy@SavedSpaceFactor=\count317
 (c:/texlive/2025/texmf-dist/tex/latex/hyperref/puenc.def
File: puenc.def 2026-01-29 v7.01p Hyperref: PDF Unicode definition (HO)
Now handling font encoding PU ...
... no UTF-8 mapping file for font encoding PU
)
Package hyperref Info: Hyper figures OFF on input line 4201.
Package hyperref Info: Link nesting OFF on input line 4206.
Package hyperref Info: Hyper index ON on input line 4209.
Package hyperref Info: Plain pages OFF on input line 4216.
Package hyperref Info: Backreferencing OFF on input line 4221.
Package hyperref Info: Implicit mode ON; LaTeX internals redefined.
Package hyperref Info: Bookmarks ON on input line 4468.
\c@Hy@tempcnt=\count318
 (c:/texlive/2025/texmf-dist/tex/latex/url/url.sty
\Urlmuskip=\muskip18
Package: url 2013/09/16  ver 3.4  Verb mode for urls, etc.
)
LaTeX Info: Redefining \url on input line 4807.
\XeTeXLinkMargin=\dimen194
 (c:/texlive/2025/texmf-dist/tex/generic/bitset/bitset.sty
Package: bitset 2019/12/09 v1.3 Handle bit-vector datatype (HO)
 (c:/texlive/2025/texmf-dist/tex/generic/bigintcalc/bigintcalc.sty
Package: bigintcalc 2019/12/15 v1.5 Expandable calculations on big integers (HO)
))
\Fld@menulength=\count319
\Field@Width=\dimen195
\Fld@charsize=\dimen196
Package hyperref Info: Hyper figures OFF on input line 6084.
Package hyperref Info: Link nesting OFF on input line 6089.
Package hyperref Info: Hyper index ON on input line 6092.
Package hyperref Info: backreferencing OFF on input line 6099.
Package hyperref Info: Link coloring OFF on input line 6104.
Package hyperref Info: Link coloring with OCG OFF on input line 6109.
Package hyperref Info: PDF/A mode OFF on input line 6114.
\Hy@abspage=\count320
\c@Item=\count321
\c@Hfootnote=\count322
)
Package hyperref Info: Driver (autodetected): hpdftex.
 (c:/texlive/2025/texmf-dist/tex/latex/hyperref/hpdftex.def
File: hpdftex.def 2026-01-29 v7.01p Hyperref driver for pdfTeX
\Fld@listcount=\count323
\c@bookmark@seq@number=\count324
 (c:/texlive/2025/texmf-dist/tex/latex/rerunfilecheck/rerunfilecheck.sty
Package: rerunfilecheck 2022-07-10 v1.10 Rerun checks for auxiliary files (HO)
 (c:/texlive/2025/texmf-dist/tex/latex/base/atveryend-ltx.sty
Package: atveryend-ltx 2020/08/19 v1.0a Emulation of the original atveryend package
with kernel methods
) (c:/texlive/2025/texmf-dist/tex/generic/uniquecounter/uniquecounter.sty
Package: uniquecounter 2019/12/15 v1.4 Provide unlimited unique counter (HO)
)
Package uniquecounter Info: New unique counter `rerunfilecheck' on input line 285.
)
\Hy@SectionHShift=\skip87
) (c:/texlive/2025/texmf-dist/tex/generic/iftex/ifpdf.sty
Package: ifpdf 2019/10/25 v3.4 ifpdf legacy package. Use iftex instead.
) (c:/texlive/2025/texmf-dist/tex/generic/iftex/ifxetex.sty
Package: ifxetex 2019/10/25 v0.7 ifxetex legacy package. Use iftex instead.
) (c:/texlive/2025/texmf-dist/tex/latex/environ/environ.sty
Package: environ 2014/05/04 v0.3 A new way to define environments
 (c:/texlive/2025/texmf-dist/tex/latex/trimspaces/trimspaces.sty
Package: trimspaces 2009/09/17 v1.1 Trim spaces around a token list
)) (c:/texlive/2025/texmf-dist/tex/latex/graphics/graphicx.sty
Package: graphicx 2024/12/31 v1.2e Enhanced LaTeX Graphics (DPC,SPQR)
 (c:/texlive/2025/texmf-dist/tex/latex/graphics/graphics.sty
Package: graphics 2024/08/06 v1.4g Standard LaTeX Graphics (DPC,SPQR)
 (c:/texlive/2025/texmf-dist/tex/latex/graphics/trig.sty
Package: trig 2023/12/02 v1.11 sin cos tan (DPC)
) (c:/texlive/2025/texmf-dist/tex/latex/graphics-cfg/graphics.cfg
File: graphics.cfg 2016/06/04 v1.11 sample graphics configuration
)
Package graphics Info: Driver file: pdftex.def on input line 106.
)
\Gin@req@height=\dimen197
\Gin@req@width=\dimen198
) (c:/texlive/2025/texmf-dist/tex/latex/epstopdf-pkg/epstopdf.sty
Package: epstopdf 2020-01-24 v2.11 Conversion with epstopdf on the fly (HO)
 (c:/texlive/2025/texmf-dist/tex/latex/grfext/grfext.sty
Package: grfext 2019/12/03 v1.3 Manage graphics extensions (HO)
) (c:/texlive/2025/texmf-dist/tex/latex/epstopdf-pkg/epstopdf-base.sty
Package: epstopdf-base 2020-01-24 v2.11 Base part for package epstopdf
Package epstopdf-base Info: Redefining graphics rule for `.eps' on input line 485.
Package grfext Info: Graphics extension search list:
(grfext)             [.pdf,.png,.jpg,.mps,.jpeg,.jbig2,.jb2,.PDF,.PNG,.JPG,.JPEG,.JBIG2,.JB2,.eps]
(grfext)             \AppendGraphicsExtensions on input line 504.
 (c:/texlive/2025/texmf-dist/tex/latex/latexconfig/epstopdf-sys.cfg
File: epstopdf-sys.cfg 2010/07/13 v1.3 Configuration of (r)epstopdf for TeX Live
))) (c:/texlive/2025/texmf-dist/tex/latex/xcolor/xcolor.sty
Package: xcolor 2024/09/29 v3.02 LaTeX color extensions (UK)
 (c:/texlive/2025/texmf-dist/tex/latex/graphics-cfg/color.cfg
File: color.cfg 2016/01/02 v1.6 sample color configuration
)
Package xcolor Info: Driver file: pdftex.def on input line 274.
LaTeX Info: Redefining \color on input line 762.
 (c:/texlive/2025/texmf-dist/tex/latex/graphics/mathcolor.ltx)
Package xcolor Info: Model `cmy' substituted by `cmy0' on input line 1349.
Package xcolor Info: Model `hsb' substituted by `rgb' on input line 1353.
Package xcolor Info: Model `RGB' extended on input line 1365.
Package xcolor Info: Model `HTML' substituted by `rgb' on input line 1367.
Package xcolor Info: Model `Hsb' substituted by `hsb' on input line 1368.
Package xcolor Info: Model `tHsb' substituted by `hsb' on input line 1369.
Package xcolor Info: Model `HSB' substituted by `hsb' on input line 1370.
Package xcolor Info: Model `Gray' substituted by `gray' on input line 1371.
Package xcolor Info: Model `wave' substituted by `hsb' on input line 1372.
) (c:/texlive/2025/texmf-dist/tex/latex/xcolor/svgnam.def
File: svgnam.def 2024/09/29 v3.02 Predefined colors according to SVG 1.1 (UK)
)
\c@Theorem=\count325
 (c:/texlive/2025/texmf-dist/tex/latex/listings/lstlang1.sty
File: lstlang1.sty 2024/09/23 1.10c listings language file
) (c:/texlive/2025/texmf-dist/tex/latex/listings/lstmisc.sty
File: lstmisc.sty 2024/09/23 1.10c (Carsten Heinz)
)
LaTeX Info: Redefining \AIcite on input line 350.
) (c:/texlive/2025/texmf-dist/tex/latex/psnfss/times.sty
Package: times 2020/03/25 PSNFSS-v9.3 (SPQR) 
) (c:/texlive/2025/texmf-dist/tex/latex/tools/indentfirst.sty
Package: indentfirst 2023/07/02 v1.03 Indent first paragraph (DPC)
) (c:/texlive/2025/texmf-dist/tex/latex/lipsum/lipsum.sty (c:/texlive/2025/texmf-dist/tex/latex/l3packages/l3keys2e/l3keys2e.sty (c:/texlive/2025/texmf-dist/tex/latex/l3kernel/expl3.sty
Package: expl3 2025-03-26 L3 programming layer (loader) 
 (c:/texlive/2025/texmf-dist/tex/latex/l3backend/l3backend-pdftex.def
File: l3backend-pdftex.def 2025-03-14 L3 backend support: PDF output (pdfTeX)
\l__color_backend_stack_int=\count326
))
Package: l3keys2e 2024-08-16 LaTeX2e option processing using LaTeX3 keys
)
Package: lipsum 2021-09-20 v2.7 150 paragraphs of Lorem Ipsum dummy text
\g__lipsum_par_int=\count327
\l__lipsum_a_int=\count328
\l__lipsum_b_int=\count329
 (c:/texlive/2025/texmf-dist/tex/latex/lipsum/lipsum.ltd.tex)) (c:/texlive/2025/texmf-dist/tex/latex/arydshln/arydshln.sty
Package: arydshln 2019/02/21 v1.76 
\dashlinedash=\dimen199
\dashlinegap=\dimen256
\adl@box=\box66
\adl@height=\dimen257
\adl@heightsave=\dimen258
\adl@depth=\dimen259
\adl@depthsave=\dimen260
\adl@finaldepth=\dimen261
\adl@columns=\count330
\adl@ncol=\count331
\adl@currentcolumn=\count332
\adl@currentcolumnsave=\count333
\adl@totalheight=\count334
\adl@totalheightsave=\count335
\adl@dash=\count336
\adl@gap=\count337
\adl@cla=\count338
\adl@clb=\count339
\adl@everyvbox=\toks43
\adl@LTpagetotal=\dimen262
) (c:/texlive/2025/texmf-dist/tex/latex/tocloft/tocloft.sty
Package: tocloft 2017/08/31 v2.3i parameterised ToC, etc., typesetting
Package tocloft Info: The document has section divisions on input line 51.
\cftparskip=\skip88
\cftbeforetoctitleskip=\skip89
\cftaftertoctitleskip=\skip90
\cftbeforepartskip=\skip91
\cftpartnumwidth=\skip92
\cftpartindent=\skip93
\cftbeforesecskip=\skip94
\cftsecindent=\skip95
\cftsecnumwidth=\skip96
\cftbeforesubsecskip=\skip97
\cftsubsecindent=\skip98
\cftsubsecnumwidth=\skip99
\cftbeforesubsubsecskip=\skip100
\cftsubsubsecindent=\skip101
\cftsubsubsecnumwidth=\skip102
\cftbeforeparaskip=\skip103
\cftparaindent=\skip104
\cftparanumwidth=\skip105
\cftbeforesubparaskip=\skip106
\cftsubparaindent=\skip107
\cftsubparanumwidth=\skip108
\cftbeforeloftitleskip=\skip109
\cftafterloftitleskip=\skip110
\cftbeforefigskip=\skip111
\cftfigindent=\skip112
\cftfignumwidth=\skip113
\c@lofdepth=\count340
\c@lotdepth=\count341
\cftbeforelottitleskip=\skip114
\cftafterlottitleskip=\skip115
\cftbeforetabskip=\skip116
\cfttabindent=\skip117
\cfttabnumwidth=\skip118
)
LaTeX Font Info:    Trying to load font information for T1+ptm on input line 38.
 (c:/texlive/2025/texmf-dist/tex/latex/psnfss/t1ptm.fd
File: t1ptm.fd 2001/06/04 font definitions for T1/ptm.
) (./mcmthesis-demo.aux)
\openout1 = `mcmthesis-demo.aux'.

LaTeX Font Info:    Checking defaults for OML/cmm/m/it on input line 38.
LaTeX Font Info:    ... okay on input line 38.
LaTeX Font Info:    Checking defaults for OMS/cmsy/m/n on input line 38.
LaTeX Font Info:    ... okay on input line 38.
LaTeX Font Info:    Checking defaults for OT1/cmr/m/n on input line 38.
LaTeX Font Info:    ... okay on input line 38.
LaTeX Font Info:    Checking defaults for T1/cmr/m/n on input line 38.
LaTeX Font Info:    ... okay on input line 38.
LaTeX Font Info:    Checking defaults for TS1/cmr/m/n on input line 38.
LaTeX Font Info:    ... okay on input line 38.
LaTeX Font Info:    Checking defaults for OMX/cmex/m/n on input line 38.
LaTeX Font Info:    ... okay on input line 38.
LaTeX Font Info:    Checking defaults for U/cmr/m/n on input line 38.
LaTeX Font Info:    ... okay on input line 38.
LaTeX Font Info:    Checking defaults for PD1/pdf/m/n on input line 38.
LaTeX Font Info:    ... okay on input line 38.
LaTeX Font Info:    Checking defaults for PU/pdf/m/n on input line 38.
LaTeX Font Info:    ... okay on input line 38.
\c@lstlisting=\count342
 (c:/texlive/2025/texmf-dist/tex/context/base/mkii/supp-pdf.mkii
[Loading MPS to PDF converter (version 2006.09.02).]
\scratchcounter=\count343
\scratchdimen=\dimen263
\scratchbox=\box67
\nofMPsegments=\count344
\nofMParguments=\count345
\everyMPshowfont=\toks44
\MPscratchCnt=\count346
\MPscratchDim=\dimen264
\MPnumerator=\count347
\makeMPintoPDFobject=\count348
\everyMPtoPDFconversion=\toks45
)
*geometry* driver: auto-detecting
*geometry* detected driver: pdftex
*geometry* verbose mode - [ preamble ] result:
* driver: pdftex
* paper: letterpaper
* layout: <same size as paper>
* layoutoffset:(h,v)=(0.0pt,0.0pt)
* modes: 
* h-part:(L,W,R)=(72.26999pt, 469.75502pt, 72.26999pt)
* v-part:(T,H,B)=(72.26999pt, 650.43001pt, 72.26999pt)
* \paperwidth=614.295pt
* \paperheight=794.96999pt
* \textwidth=469.75502pt
* \textheight=650.43001pt
* \oddsidemargin=0.0pt
* \evensidemargin=0.0pt
* \topmargin=-37.0pt
* \headheight=14.0pt
* \headsep=25.0pt
* \topskip=12.0pt
* \footskip=30.0pt
* \marginparwidth=44.0pt
* \marginparsep=10.0pt
* \columnsep=10.0pt
* \skip\footins=10.8pt plus 4.0pt minus 2.0pt
* \hoffset=0.0pt
* \voffset=0.0pt
* \mag=1000
* \@twocolumnfalse
* \@twosidefalse
* \@mparswitchfalse
* \@reversemarginfalse
* (1in=72.27pt=25.4mm, 1cm=28.453pt)

Package hyperref Info: Link coloring OFF on input line 38.
(./mcmthesis-demo.out) (./mcmthesis-demo.out)
\@outlinefile=\write4
\openout4 = `mcmthesis-demo.out'.

LaTeX Font Info:    Trying to load font information for TS1+ptm on input line 54.
 (c:/texlive/2025/texmf-dist/tex/latex/psnfss/ts1ptm.fd
File: ts1ptm.fd 2001/06/04 font definitions for TS1/ptm.
)

[1

{c:/texlive/2025/texmf-var/fonts/map/pdftex/updmap/pdftex.map}{c:/texlive/2025/texmf-dist/fonts/enc/dvips/base/8r.enc}] (./mcmthesis-demo.toc
LaTeX Font Info:    Trying to load font information for U+msa on input line 1.
 (c:/texlive/2025/texmf-dist/tex/latex/amsfonts/umsa.fd
File: umsa.fd 2013/01/14 v3.01 AMS symbols A
)
LaTeX Font Info:    Trying to load font information for U+msb on input line 1.
 (c:/texlive/2025/texmf-dist/tex/latex/amsfonts/umsb.fd
File: umsb.fd 2013/01/14 v3.01 AMS symbols B
)
LaTeX Font Info:    Trying to load font information for U+rsfs on input line 1.
 (c:/texlive/2025/texmf-dist/tex/latex/jknapltx/ursfs.fd
File: ursfs.fd 1998/03/24 rsfs font definition file (jk)
)
LaTeX Font Info:    Trying to load font information for U+lasy on input line 1.
 (c:/texlive/2025/texmf-dist/tex/latex/base/ulasy.fd
File: ulasy.fd 1998/08/17 v2.2e LaTeX symbol font definitions
)


pdfTeX warning (ext4): destination with the same identifier (name{page.1}) has been already used, duplicate ignored
<to be read again> 
                   \relax 
l.39 ...stem performance}{20}{subsubsection.5.6.2}
                                                  % [1]

LaTeX Font Info:    Trying to load font information for T1+phv on input line 80.
(c:/texlive/2025/texmf-dist/tex/latex/psnfss/t1phv.fd
File: t1phv.fd 2020/03/25 scalable font definitions for T1/phv.
) [2])
\tf@toc=\write5
\openout5 = `mcmthesis-demo.toc'.



[3]

[4]

[5]

[6]
Overfull \hbox (3.00539pt too wide) in alignment at lines 190--195
 [] [] [] 
 []


Overfull \hbox (3.00539pt too wide) in alignment at lines 195--201
 [] [] [] 
 []


Overfull \hbox (3.00539pt too wide) in alignment at lines 201--205
 [] [] [] 
 []


Overfull \hbox (3.00539pt too wide) in alignment at lines 205--208
 [] [] [] 
 []


Overfull \hbox (3.00539pt too wide) in alignment at lines 208--280
 [] [] [] 
 []



[7]
Overfull \hbox (3.00539pt too wide) has occurred while \output is active
 [] [] [] 
 []

[8]
Overfull \hbox (3.00539pt too wide) has occurred while \output is active
 [] [] [] 
 []

LaTeX Font Info:    Trying to load font information for T1+pcr on input line 287.
(c:/texlive/2025/texmf-dist/tex/latex/psnfss/t1pcr.fd
File: t1pcr.fd 2001/06/04 font definitions for T1/pcr.
)
Overfull \hbox (21.16966pt too wide) in paragraph at lines 292--294
[]\T1/ptm/b/n/12 Structure. \T1/ptm/m/it/12 Orig-i-nal (wide)\T1/ptm/m/n/12 : one row per con-tes-tant with con-tes-tant meta-data (\T1/pcr/m/n/12 celebrity_name\T1/ptm/m/n/12 ,
 []


Overfull \hbox (9.70456pt too wide) in paragraph at lines 292--294
\T1/pcr/m/n/12 celebrity_industry\T1/ptm/m/n/12 , \T1/pcr/m/n/12 celebrity_age_during_season\T1/ptm/m/n/12 , \T1/pcr/m/n/12 ballroom_partner\T1/ptm/m/n/12 , etc.),
 []


Overfull \hbox (38.21497pt too wide) in paragraph at lines 292--294
\T1/ptm/m/n/12 com-pe-ti-tion out-comes (\T1/pcr/m/n/12 season\T1/ptm/m/n/12 , \T1/pcr/m/n/12 results\T1/ptm/m/n/12 , \T1/pcr/m/n/12 placement\T1/ptm/m/n/12 ), and judge scores (\T1/pcr/m/n/12 week1_judge1_score\T1/ptm/m/n/12 ,
 []


Overfull \hbox (48.8458pt too wide) in paragraph at lines 292--294
\T1/ptm/m/n/12 ...). \T1/ptm/m/it/12 Pro-cessed (long)\T1/ptm/m/n/12 : one row per contestant-week with iden-ti-fiers (\T1/pcr/m/n/12 season\T1/ptm/m/n/12 , \T1/pcr/m/n/12 week\T1/ptm/m/n/12 , \T1/pcr/m/n/12 celebrity_name\T1/ptm/m/n/12 ),
 []


Overfull \hbox (3.16365pt too wide) in paragraph at lines 292--294
\T1/ptm/m/n/12 scores (\T1/pcr/m/n/12 judge_total\T1/ptm/m/n/12 , \T1/pcr/m/n/12 judge_rank_in_week\T1/ptm/m/n/12 , \T1/pcr/m/n/12 relative_judge_score\T1/ptm/m/n/12 ), tem-po-ral fea-
 []


Overfull \hbox (9.11572pt too wide) in paragraph at lines 292--294
\T1/ptm/m/n/12 tures (\T1/pcr/m/n/12 cumulative_average\T1/ptm/m/n/12 , \T1/pcr/m/n/12 trend\T1/ptm/m/n/12 , \T1/pcr/m/n/12 week_valid\T1/ptm/m/n/12 ), and meta-data (\T1/pcr/m/n/12 elimination_week\T1/ptm/m/n/12 ).
 []


Overfull \hbox (67.54404pt too wide) in paragraph at lines 292--294
\T1/ptm/m/n/12 (421 rows), \T1/pcr/m/n/12 season_meta.csv \T1/ptm/m/n/12 (34 rows), \T1/pcr/m/n/12 train_panel.csv \T1/ptm/m/n/12 (S1--S27, 3,542 rows), \T1/pcr/m/n/12 test_panel.csv
 []


Overfull \vbox (12.75142pt too high) has occurred while \output is active []



[9]
<../../figures/judge_score_distribution.png, id=563, 355.8093pt x 247.8861pt>
File: ../../figures/judge_score_distribution.png Graphic file (type png)
<use ../../figures/judge_score_distribution.png>
Package pdftex.def Info: ../../figures/judge_score_distribution.png  used on input line 323.
(pdftex.def)             Requested size: 399.29463pt x 278.20166pt.


[10 <../../figures/judge_score_distribution.png>]

[11]
<../../figures/ridge/residual_distribution.png, id=577, 722.7pt x 433.62pt>
File: ../../figures/ridge/residual_distribution.png Graphic file (type png)
<use ../../figures/ridge/residual_distribution.png>
Package pdftex.def Info: ../../figures/ridge/residual_distribution.png  used on input line 386.
(pdftex.def)             Requested size: 385.20255pt x 231.12096pt.
<../../figures/ridge/top_20_fan_support.png, id=578, 867.24pt x 578.16pt>
File: ../../figures/ridge/top_20_fan_support.png Graphic file (type png)
<use ../../figures/ridge/top_20_fan_support.png>
Package pdftex.def Info: ../../figures/ridge/top_20_fan_support.png  used on input line 392.
(pdftex.def)             Requested size: 385.20255pt x 256.79959pt.
<../../figures/random_forest/feature_importance.png, id=579, 867.24pt x 578.16pt>
File: ../../figures/random_forest/feature_importance.png Graphic file (type png)
<use ../../figures/random_forest/feature_importance.png>
Package pdftex.def Info: ../../figures/random_forest/feature_importance.png  used on input line 413.
(pdftex.def)             Requested size: 366.40834pt x 244.27235pt.
<../../figures/random_forest/feature_importance_pie.png, id=580, 722.7pt x 578.16pt>
File: ../../figures/random_forest/feature_importance_pie.png Graphic file (type png)
<use ../../figures/random_forest/feature_importance_pie.png>
Package pdftex.def Info: ../../figures/random_forest/feature_importance_pie.png  used on input line 419.
(pdftex.def)             Requested size: 366.40834pt x 293.12859pt.
<../../figures/shap_analysis/shap_summary_plot.png, id=581, 555.2745pt x 389.5353pt>
File: ../../figures/shap_analysis/shap_summary_plot.png Graphic file (type png)
<use ../../figures/shap_analysis/shap_summary_plot.png>
Package pdftex.def Info: ../../figures/shap_analysis/shap_summary_plot.png  used on input line 426.
(pdftex.def)             Requested size: 385.20255pt x 270.23587pt.
<../../figures/shap_analysis/shap_dependence_age.png, id=582, 514.0806pt x 353.4003pt>
File: ../../figures/shap_analysis/shap_dependence_age.png Graphic file (type png)
<use ../../figures/shap_analysis/shap_dependence_age.png>
Package pdftex.def Info: ../../figures/shap_analysis/shap_dependence_age.png  used on input line 432.
(pdftex.def)             Requested size: 385.20255pt x 264.81229pt.
<../../figures/shap_analysis/shap_dependence_partner.png, id=583, 507.8172pt x 353.8821pt>
File: ../../figures/shap_analysis/shap_dependence_partner.png Graphic file (type png)
<use ../../figures/shap_analysis/shap_dependence_partner.png>
Package pdftex.def Info: ../../figures/shap_analysis/shap_dependence_partner.png  used on input line 438.
(pdftex.def)             Requested size: 385.20255pt x 268.43478pt.


[12 <../../figures/ridge/residual_distribution.png>]

[13 <../../figures/ridge/top_20_fan_support.png> <../../figures/random_forest/feature_importance.png>]

[14 <../../figures/random_forest/feature_importance_pie.png> <../../figures/shap_analysis/shap_summary_plot.png>]

[15 <../../figures/shap_analysis/shap_dependence_age.png> <../../figures/shap_analysis/shap_dependence_partner.png>]
<../../figures/simulation/overall_flip_rate.png, id=619, 722.7pt x 433.62pt>
File: ../../figures/simulation/overall_flip_rate.png Graphic file (type png)
<use ../../figures/simulation/overall_flip_rate.png>
Package pdftex.def Info: ../../figures/simulation/overall_flip_rate.png  used on input line 454.
(pdftex.def)             Requested size: 366.40834pt x 219.84644pt.
<../../figures/simulation/flip_rate_by_season.png, id=620, 1011.78pt x 433.62pt>
File: ../../figures/simulation/flip_rate_by_season.png Graphic file (type png)
<use ../../figures/simulation/flip_rate_by_season.png>
Package pdftex.def Info: ../../figures/simulation/flip_rate_by_season.png  used on input line 460.
(pdftex.def)             Requested size: 366.40834pt x 157.036pt.
<../../figures/simulation/ffi_distribution.png, id=621, 1004.3121pt x 740.7675pt>
File: ../../figures/simulation/ffi_distribution.png Graphic file (type png)
<use ../../figures/simulation/ffi_distribution.png>
Package pdftex.def Info: ../../figures/simulation/ffi_distribution.png  used on input line 466.
(pdftex.def)             Requested size: 366.40834pt x 270.2592pt.
<../../figures/simulation/recommendation_scores.png, id=622, 1011.78pt x 361.35pt>
File: ../../figures/simulation/recommendation_scores.png Graphic file (type png)
<use ../../figures/simulation/recommendation_scores.png>
Package pdftex.def Info: ../../figures/simulation/recommendation_scores.png  used on input line 487.
(pdftex.def)             Requested size: 366.40834pt x 130.86334pt.


[16 <../../figures/simulation/overall_flip_rate.png>]

[17 <../../figures/simulation/flip_rate_by_season.png> <../../figures/simulation/ffi_distribution.png>]
<../../figures/twin_model/feature_importance_comparison.png, id=641, 1003.1076pt x 423.5022pt>
File: ../../figures/twin_model/feature_importance_comparison.png Graphic file (type png)
<use ../../figures/twin_model/feature_importance_comparison.png>
Package pdftex.def Info: ../../figures/twin_model/feature_importance_comparison.png  used on input line 518.
(pdftex.def)             Requested size: 366.40834pt x 154.6901pt.


LaTeX Warning: `h' float specifier changed to `ht'.



[18 <../../figures/simulation/recommendation_scores.png> <../../figures/twin_model/feature_importance_comparison.png>]

[19]
<../../figures/counterfactual/timeseries_flip_rate_by_season_v1.png, id=660, 500.8311pt x 211.7511pt>
File: ../../figures/counterfactual/timeseries_flip_rate_by_season_v1.png Graphic file (type png)
<use ../../figures/counterfactual/timeseries_flip_rate_by_season_v1.png>
Package pdftex.def Info: ../../figures/counterfactual/timeseries_flip_rate_by_season_v1.png  used on input line 589.
(pdftex.def)             Requested size: 385.20255pt x 162.86789pt.


[20 <../../figures/counterfactual/timeseries_flip_rate_by_season_v1.png>]
File: ../../figures/simulation/flip_rate_by_season.png Graphic file (type png)
<use ../../figures/simulation/flip_rate_by_season.png>
Package pdftex.def Info: ../../figures/simulation/flip_rate_by_season.png  used on input line 656.
(pdftex.def)             Requested size: 366.40834pt x 157.036pt.
<../../figures/simulation/flip_rate_by_size.png, id=668, 722.7pt x 433.62pt>
File: ../../figures/simulation/flip_rate_by_size.png Graphic file (type png)
<use ../../figures/simulation/flip_rate_by_size.png>
Package pdftex.def Info: ../../figures/simulation/flip_rate_by_size.png  used on input line 662.
(pdftex.def)             Requested size: 366.40834pt x 219.84644pt.


LaTeX Warning: `h' float specifier changed to `ht'.

<../../figures/simulation/ffi_comparison.png, id=669, 1011.78pt x 361.35pt>
File: ../../figures/simulation/ffi_comparison.png Graphic file (type png)
<use ../../figures/simulation/ffi_comparison.png>
Package pdftex.def Info: ../../figures/simulation/ffi_comparison.png  used on input line 683.
(pdftex.def)             Requested size: 366.40834pt x 130.86334pt.

LaTeX Warning: `h' float specifier changed to `ht'.

File: ../../figures/simulation/recommendation_scores.png Graphic file (type png)
<use ../../figures/simulation/recommendation_scores.png>
Package pdftex.def Info: ../../figures/simulation/recommendation_scores.png  used on input line 703.
(pdftex.def)             Requested size: 366.40834pt x 130.86334pt.

LaTeX Warning: `h' float specifier changed to `ht'.

File: ../../figures/twin_model/feature_importance_comparison.png Graphic file (type png)
<use ../../figures/twin_model/feature_importance_comparison.png>
Package pdftex.def Info: ../../figures/twin_model/feature_importance_comparison.png  used on input line 730.
(pdftex.def)             Requested size: 366.40834pt x 154.6901pt.

LaTeX Warning: `h' float specifier changed to `ht'.

<../../figures/twin_model/industry_bias.png, id=670, 867.24pt x 578.16pt>
File: ../../figures/twin_model/industry_bias.png Graphic file (type png)
<use ../../figures/twin_model/industry_bias.png>
Package pdftex.def Info: ../../figures/twin_model/industry_bias.png  used on input line 753.
(pdftex.def)             Requested size: 366.40834pt x 244.27235pt.
<../../figures/random_forest/fan_effect_by_age.png, id=671, 867.24pt x 433.62pt>
File: ../../figures/random_forest/fan_effect_by_age.png Graphic file (type png)
<use ../../figures/random_forest/fan_effect_by_age.png>
Package pdftex.def Info: ../../figures/random_forest/fan_effect_by_age.png  used on input line 759.
(pdftex.def)             Requested size: 366.40834pt x 183.20425pt.


[21]

[22 <../../figures/simulation/flip_rate_by_size.png> <../../figures/simulation/ffi_comparison.png>]

[23 <../../figures/twin_model/industry_bias.png>]

LaTeX Warning: `h' float specifier changed to `ht'.

<../../figures/twin_model/system_comparison.png, id=698, 1084.05pt x 361.35pt>
File: ../../figures/twin_model/system_comparison.png Graphic file (type png)
<use ../../figures/twin_model/system_comparison.png>
Package pdftex.def Info: ../../figures/twin_model/system_comparison.png  used on input line 784.
(pdftex.def)             Requested size: 366.40834pt x 122.13507pt.
<../../figures/twin_model/awvs_benefits.png, id=699, 961.4319pt x 722.9409pt>
File: ../../figures/twin_model/awvs_benefits.png Graphic file (type png)
<use ../../figures/twin_model/awvs_benefits.png>
Package pdftex.def Info: ../../figures/twin_model/awvs_benefits.png  used on input line 790.
(pdftex.def)             Requested size: 366.40834pt x 275.51463pt.
<../../figures/simulation/case_study_Bobby_Bones_S27.png, id=700, 722.7pt x 433.62pt>
File: ../../figures/simulation/case_study_Bobby_Bones_S27.png Graphic file (type png)
<use ../../figures/simulation/case_study_Bobby_Bones_S27.png>
Package pdftex.def Info: ../../figures/simulation/case_study_Bobby_Bones_S27.png  used on input line 801.
(pdftex.def)             Requested size: 366.40834pt x 219.84644pt.
<../../figures/simulation/case_study_Bristol_Palin_S11.png, id=701, 722.7pt x 433.62pt>
File: ../../figures/simulation/case_study_Bristol_Palin_S11.png Graphic file (type png)
<use ../../figures/simulation/case_study_Bristol_Palin_S11.png>
Package pdftex.def Info: ../../figures/simulation/case_study_Bristol_Palin_S11.png  used on input line 810.
(pdftex.def)             Requested size: 366.40834pt x 219.84644pt.


[24 <../../figures/random_forest/fan_effect_by_age.png>]

[25 <../../figures/twin_model/system_comparison.png> <../../figures/twin_model/awvs_benefits.png>]
<../../figures/simulation/case_study_Jerry_Rice_S2.png, id=721, 722.7pt x 433.62pt>
File: ../../figures/simulation/case_study_Jerry_Rice_S2.png Graphic file (type png)
<use ../../figures/simulation/case_study_Jerry_Rice_S2.png>
Package pdftex.def Info: ../../figures/simulation/case_study_Jerry_Rice_S2.png  used on input line 819.
(pdftex.def)             Requested size: 366.40834pt x 219.84644pt.
<../../figures/simulation/case_study_Billy_Ray_Cyrus_S4.png, id=722, 722.7pt x 433.62pt>
File: ../../figures/simulation/case_study_Billy_Ray_Cyrus_S4.png Graphic file (type png)
<use ../../figures/simulation/case_study_Billy_Ray_Cyrus_S4.png>
Package pdftex.def Info: ../../figures/simulation/case_study_Billy_Ray_Cyrus_S4.png  used on input line 828.
(pdftex.def)             Requested size: 366.40834pt x 219.84644pt.
<../../figures/simulation/case_study_Master_P_S2.png, id=723, 722.7pt x 433.62pt>
File: ../../figures/simulation/case_study_Master_P_S2.png Graphic file (type png)
<use ../../figures/simulation/case_study_Master_P_S2.png>
Package pdftex.def Info: ../../figures/simulation/case_study_Master_P_S2.png  used on input line 837.
(pdftex.def)             Requested size: 225.4804pt x 135.28757pt.
<../../figures/simulation/case_study_Sabrina_Bryan_S5.png, id=724, 722.7pt x 433.62pt>
File: ../../figures/simulation/case_study_Sabrina_Bryan_S5.png Graphic file (type png)
<use ../../figures/simulation/case_study_Sabrina_Bryan_S5.png>
Package pdftex.def Info: ../../figures/simulation/case_study_Sabrina_Bryan_S5.png  used on input line 838.
(pdftex.def)             Requested size: 225.4804pt x 135.28757pt.
<../../figures/simulation/case_study_Kim_Kardashian_S7.png, id=725, 722.7pt x 433.62pt>
File: ../../figures/simulation/case_study_Kim_Kardashian_S7.png Graphic file (type png)
<use ../../figures/simulation/case_study_Kim_Kardashian_S7.png>
Package pdftex.def Info: ../../figures/simulation/case_study_Kim_Kardashian_S7.png  used on input line 844.
(pdftex.def)             Requested size: 225.4804pt x 135.28757pt.
<../../figures/simulation/case_study_Kate_Gosselin_S10.png, id=726, 722.7pt x 433.62pt>
File: ../../figures/simulation/case_study_Kate_Gosselin_S10.png Graphic file (type png)
<use ../../figures/simulation/case_study_Kate_Gosselin_S10.png>
Package pdftex.def Info: ../../figures/simulation/case_study_Kate_Gosselin_S10.png  used on input line 845.
(pdftex.def)             Requested size: 225.4804pt x 135.28757pt.
<../../figures/ridge/fan_score_by_season.png, id=727, 867.24pt x 433.62pt>
File: ../../figures/ridge/fan_score_by_season.png Graphic file (type png)
<use ../../figures/ridge/fan_score_by_season.png>
Package pdftex.def Info: ../../figures/ridge/fan_score_by_season.png  used on input line 857.
(pdftex.def)             Requested size: 366.40834pt x 183.20425pt.


[26]

[27 <../../figures/simulation/case_study_Bobby_Bones_S27.png> <../../figures/simulation/case_study_Bristol_Palin_S11.png>]

[28 <../../figures/simulation/case_study_Jerry_Rice_S2.png> <../../figures/simulation/case_study_Billy_Ray_Cyrus_S4.png>]

[29 <../../figures/simulation/case_study_Master_P_S2.png> <../../figures/simulation/case_study_Sabrina_Bryan_S5.png> <../../figures/simulation/case_study_Kim_Kardashian_S7.png> <../../figures/simulation/case_study_Kate_Gosselin_S10.png> <../../figures/ridge/fan_score_by_season.png>]

[30]
<../../figures/simulation/rule_consistency_matrix.png, id=775, 578.16pt x 433.62pt>
File: ../../figures/simulation/rule_consistency_matrix.png Graphic file (type png)
<use ../../figures/simulation/rule_consistency_matrix.png>
Package pdftex.def Info: ../../figures/simulation/rule_consistency_matrix.png  used on input line 943.
(pdftex.def)             Requested size: 366.40834pt x 274.80309pt.


[31]

LaTeX Warning: `h' float specifier changed to `ht'.

<../../figures/twin_model/weight_evolution.png, id=783, 867.24pt x 433.62pt>
File: ../../figures/twin_model/weight_evolution.png Graphic file (type png)
<use ../../figures/twin_model/weight_evolution.png>
Package pdftex.def Info: ../../figures/twin_model/weight_evolution.png  used on input line 982.
(pdftex.def)             Requested size: 366.40834pt x 183.20425pt.

LaTeX Warning: `h' float specifier changed to `ht'.



[32 <../../figures/simulation/rule_consistency_matrix.png>]

[33 <../../figures/twin_model/weight_evolution.png>]

[34]

[35]

[36]

[37

] (./mcmthesis-demo.aux)
 ***********
LaTeX2e <2024-11-01> patch level 2
L3 programming layer <2025-03-26>
 ***********


LaTeX Warning: Label(s) may have changed. Rerun to get cross-references right.

Package rerunfilecheck Info: File `mcmthesis-demo.out' has not changed.
(rerunfilecheck)             Checksum: C4640954572C76C7D719928A3BAF49EC;18145.
 ) 
Here is how much of TeX's memory you used:
 16391 strings out of 469626
 261494 string characters out of 5475183
 875848 words of memory out of 5000000
 42669 multiletter control sequences out of 15000+600000
 675242 words of font info for 105 fonts, out of 8000000 for 9000
 1141 hyphenation exceptions out of 8191
 90i,14n,93p,1328b,609s stack positions out of 10000i,1000n,20000p,200000b,200000s
<c:/texlive/2025/texmf-dist/fonts/type1/public/amsfonts/cm/cmex10.pfb><c:/texlive/2025/texmf-dist/fonts/type1/public/amsfonts/cm/cmmi12.pfb><c:/texlive/2025/texmf-dist/fonts/type1/public/amsfonts/cm/cmmi6.pfb><c:/texlive/2025/texmf-dist/fonts/type1/public/amsfonts/cm/cmmi8.pfb><c:/texlive/2025/texmf-dist/fonts/type1/public/amsfonts/cm/cmr12.pfb><c:/texlive/2025/texmf-dist/fonts/type1/public/amsfonts/cm/cmr8.pfb><c:/texlive/2025/texmf-dist/fonts/type1/public/amsfonts/cm/cmsy10.pfb><c:/texlive/2025/texmf-dist/fonts/type1/public/amsfonts/cm/cmsy8.pfb><c:/texlive/2025/texmf-dist/fonts/type1/urw/courier/ucrr8a.pfb><c:/texlive/2025/texmf-dist/fonts/type1/urw/helvetic/uhvb8a.pfb><c:/texlive/2025/texmf-dist/fonts/type1/urw/helvetic/uhvr8a.pfb><c:/texlive/2025/texmf-dist/fonts/type1/urw/times/utmb8a.pfb><c:/texlive/2025/texmf-dist/fonts/type1/urw/times/utmr8a.pfb><c:/texlive/2025/texmf-dist/fonts/type1/urw/times/utmri8a.pfb>
Output written on mcmthesis-demo.pdf (38 pages, 5514673 bytes).
PDF statistics:
 949 PDF objects out of 1000 (max. 8388607)
 810 compressed objects within 9 object streams
 204 named destinations out of 1000 (max. 500000)
 948 words of extra memory for PDF output out of 10000 (max. 10000000)

